<?xml version="1.0" encoding="UTF-8"?>
<!-- Generated by org.testng.reporters.JUnitReportReporter -->
<testsuite hostname="OPTIMUS" failures="0" tests="4" name="KeywordsInTestNG.EnabledEx1" time="0.019" errors="0" timestamp="2023-04-15T17:40:34 IST" skipped="2">
  <testcase classname="KeywordsInTestNG.EnabledEx1" name="abc" time="0.011"/>
  <system-out/>
  <testcase classname="KeywordsInTestNG.EnabledEx1" name="mno" time="0.008"/>
  <system-out/>
  <testcase classname="KeywordsInTestNG.EnabledEx1" name="pqr">
    <skipped/>
  </testcase> <!-- pqr -->
  <system-out/>
  <testcase classname="KeywordsInTestNG.EnabledEx1" name="def">
    <skipped/>
  </testcase> <!-- def -->
  <system-out/>
</testsuite> <!-- KeywordsInTestNG.EnabledEx1 -->
