<?xml version="1.0" encoding="UTF-8"?>
<!-- Generated by org.testng.reporters.JUnitReportReporter -->
<testsuite hostname="OPTIMUS" failures="0" tests="5" name="KeywordsInTestNG.PriorityEx2" time="0.043" errors="0" timestamp="2023-04-15T17:30:14 IST" skipped="0">
  <testcase classname="KeywordsInTestNG.PriorityEx2" name="abc" time="0.014"/>
  <system-out/>
  <testcase classname="KeywordsInTestNG.PriorityEx2" name="pqr" time="0.005"/>
  <system-out/>
  <testcase classname="KeywordsInTestNG.PriorityEx2" name="mno" time="0.016"/>
  <system-out/>
  <testcase classname="KeywordsInTestNG.PriorityEx2" name="def" time="0.004"/>
  <system-out/>
  <testcase classname="KeywordsInTestNG.PriorityEx2" name="xyz" time="0.004"/>
  <system-out/>
</testsuite> <!-- KeywordsInTestNG.PriorityEx2 -->
