<?xml version="1.0" encoding="UTF-8"?>
<!-- Generated by org.testng.reporters.JUnitReportReporter -->
<testsuite hostname="OPTIMUS" failures="0" tests="2" name="PrioritiesInTestNG.EnabledEx1" time="0.022" errors="0" timestamp="2023-04-15T18:40:49 IST" skipped="0">
  <testcase classname="PrioritiesInTestNG.EnabledEx1" name="abc" time="0.019"/>
  <system-out/>
  <testcase classname="PrioritiesInTestNG.EnabledEx1" name="mno" time="0.003"/>
  <system-out/>
</testsuite> <!-- PrioritiesInTestNG.EnabledEx1 -->
