<?xml version="1.0" encoding="UTF-8"?>
<!-- Generated by org.testng.reporters.JUnitReportReporter -->
<testsuite hostname="OPTIMUS" failures="0" tests="1" name="Listners.TestClassForListeners$testClassForListners" time="0.016" errors="0" timestamp="2023-04-16T00:47:08 IST" skipped="0">
  <testcase classname="Listners.TestClassForListeners$testClassForListners" name="testMethod4" time="0.016"/>
  <system-out/>
</testsuite> <!-- Listners.TestClassForListeners$testClassForListners -->
