<?xml version="1.0" encoding="UTF-8"?>
<!-- Generated by org.testng.reporters.JUnitReportReporter -->
<testsuite hostname="OPTIMUS" failures="0" tests="5" name="KeywordsInTestNG.PriorityEx5" time="0.026" errors="0" timestamp="2023-04-15T17:34:04 IST" skipped="0">
  <testcase classname="KeywordsInTestNG.PriorityEx5" name="def" time="0.002"/>
  <system-out/>
  <testcase classname="KeywordsInTestNG.PriorityEx5" name="pqr" time="0.001"/>
  <system-out/>
  <testcase classname="KeywordsInTestNG.PriorityEx5" name="abc" time="0.013"/>
  <system-out/>
  <testcase classname="KeywordsInTestNG.PriorityEx5" name="mno" time="0.005"/>
  <system-out/>
  <testcase classname="KeywordsInTestNG.PriorityEx5" name="xyz" time="0.005"/>
  <system-out/>
</testsuite> <!-- KeywordsInTestNG.PriorityEx5 -->
