<?xml version="1.0" encoding="UTF-8"?>
<!-- Generated by org.testng.reporters.JUnitReportReporter -->
<testsuite hostname="OPTIMUS" failures="0" tests="2" name="General.Data_Provider_Partially" time="0.012" errors="0" timestamp="14 Apr 2023 16:57:30 GMT" skipped="0">
  <testcase classname="General.Data_Provider_Partially" name="testLogin" time="0.010"/>
  <testcase classname="General.Data_Provider_Partially" name="testLogin" time="0.002"/>
</testsuite> <!-- General.Data_Provider_Partially -->
