<?xml version="1.0" encoding="UTF-8"?>
<!-- Generated by org.testng.reporters.JUnitReportReporter -->
<testsuite hostname="OPTIMUS" failures="0" tests="5" name="KeywordsInTestNG.PriorityEx6" time="0.021" errors="0" timestamp="2023-04-15T17:34:56 IST" skipped="0">
  <testcase classname="KeywordsInTestNG.PriorityEx6" name="xyz" time="0.012"/>
  <system-out/>
  <testcase classname="KeywordsInTestNG.PriorityEx6" name="pqr" time="0.002"/>
  <system-out/>
  <testcase classname="KeywordsInTestNG.PriorityEx6" name="mno" time="0.002"/>
  <system-out/>
  <testcase classname="KeywordsInTestNG.PriorityEx6" name="def" time="0.002"/>
  <system-out/>
  <testcase classname="KeywordsInTestNG.PriorityEx6" name="abc" time="0.003"/>
  <system-out/>
</testsuite> <!-- KeywordsInTestNG.PriorityEx6 -->
