<?xml version="1.0" encoding="UTF-8"?>
<!-- Generated by org.testng.reporters.JUnitReportReporter -->
<testsuite hostname="OPTIMUS" failures="0" tests="2" name="General.Assertion" time="20.583" errors="0" timestamp="14 Apr 2023 16:29:56 GMT" skipped="0">
  <testcase classname="General.Assertion" name="TestFacebook" time="8.640"/>
  <testcase classname="General.Assertion" name="TestYoutube" time="11.943"/>
</testsuite> <!-- General.Assertion -->
