<?xml version="1.0" encoding="UTF-8"?>
<!-- Generated by org.testng.reporters.JUnitReportReporter -->
<testsuite hostname="OPTIMUS" failures="0" tests="6" name="KeywordsInTestNG.InvocationCount" time="0.042" errors="0" timestamp="2023-04-15T17:41:51 IST" skipped="0">
  <testcase classname="KeywordsInTestNG.InvocationCount" name="mno" time="0.007"/>
  <system-out/>
  <testcase classname="KeywordsInTestNG.InvocationCount" name="abc" time="0.012"/>
  <system-out/>
  <testcase classname="KeywordsInTestNG.InvocationCount" name="xyz" time="0.006"/>
  <system-out/>
  <testcase classname="KeywordsInTestNG.InvocationCount" name="xyz" time="0.004"/>
  <system-out/>
  <testcase classname="KeywordsInTestNG.InvocationCount" name="xyz" time="0.008"/>
  <system-out/>
  <testcase classname="KeywordsInTestNG.InvocationCount" name="pqr" time="0.005"/>
  <system-out/>
</testsuite> <!-- KeywordsInTestNG.InvocationCount -->
