<?xml version="1.0" encoding="UTF-8"?>
<!-- Generated by org.testng.reporters.JUnitReportReporter -->
<testsuite hostname="OPTIMUS" failures="0" tests="2" name="General.FirstTestXml" time="28.318" errors="0" timestamp="14 Apr 2023 16:26:39 GMT" skipped="0">
  <testcase classname="General.FirstTestXml" name="TestYoutube" time="12.861"/>
  <testcase classname="General.FirstTestXml" name="TestFacebook" time="15.457"/>
</testsuite> <!-- General.FirstTestXml -->
