<?xml version="1.0" encoding="UTF-8"?>
<!-- Generated by org.testng.reporters.JUnitReportReporter -->
<testsuite hostname="OPTIMUS" failures="0" tests="5" name="KeywordsInTestNG.PriorityEx4" time="0.028" errors="0" timestamp="2023-04-15T17:33:09 IST" skipped="0">
  <testcase classname="KeywordsInTestNG.PriorityEx4" name="xyz" time="0.016"/>
  <system-out/>
  <testcase classname="KeywordsInTestNG.PriorityEx4" name="pqr" time="0.004"/>
  <system-out/>
  <testcase classname="KeywordsInTestNG.PriorityEx4" name="mno" time="0.003"/>
  <system-out/>
  <testcase classname="KeywordsInTestNG.PriorityEx4" name="def" time="0.002"/>
  <system-out/>
  <testcase classname="KeywordsInTestNG.PriorityEx4" name="abc" time="0.003"/>
  <system-out/>
</testsuite> <!-- KeywordsInTestNG.PriorityEx4 -->
