<?xml version="1.0" encoding="UTF-8"?>
<!-- Generated by org.testng.reporters.JUnitReportReporter -->
<testsuite hostname="OPTIMUS" failures="0" tests="3" name="KeywordsInTestNG.TimeOutEx1" time="6.841" errors="0" timestamp="2023-04-15T17:39:20 IST" skipped="0">
  <testcase classname="KeywordsInTestNG.TimeOutEx1" name="aChrome" time="6.838"/>
  <system-out/>
  <testcase classname="KeywordsInTestNG.TimeOutEx1" name="abc" time="0.002"/>
  <system-out/>
  <testcase classname="KeywordsInTestNG.TimeOutEx1" name="mno" time="0.001"/>
  <system-out/>
</testsuite> <!-- KeywordsInTestNG.TimeOutEx1 -->
